<?xml version="1.0" encoding="UTF-8"?>
<testsuite xmlns:xsi="http://www.w3.org/2001/XMLSchema-instance" xsi:noNamespaceSchemaLocation="https://maven.apache.org/surefire/maven-surefire-plugin/xsd/surefire-test-report.xsd" version="3.0.2" name="TestSuite" time="86.086" tests="17" errors="0" skipped="0" failures="0">
  <properties>
    <property name="java.specification.version" value="22"/>
    <property name="webdriver.chrome.driver" value="/Users/hasankachandrasena/.cache/selenium/chromedriver/mac-arm64/128.0.6613.137/chromedriver"/>
    <property name="sun.jnu.encoding" value="UTF-8"/>
    <property name="java.class.path" value="/Users/hasankachandrasena/Hasanka/Dev/BGP/target/test-classes:/Users/hasankachandrasena/Hasanka/Dev/BGP/target/classes:/Users/hasankachandrasena/.m2/repository/org/seleniumhq/selenium/selenium-java/4.24.0/selenium-java-4.24.0.jar:/Users/hasankachandrasena/.m2/repository/org/seleniumhq/selenium/selenium-api/4.24.0/selenium-api-4.24.0.jar:/Users/hasankachandrasena/.m2/repository/org/jspecify/jspecify/1.0.0/jspecify-1.0.0.jar:/Users/hasankachandrasena/.m2/repository/org/seleniumhq/selenium/selenium-chrome-driver/4.24.0/selenium-chrome-driver-4.24.0.jar:/Users/hasankachandrasena/.m2/repository/com/google/auto/service/auto-service-annotations/1.1.1/auto-service-annotations-1.1.1.jar:/Users/hasankachandrasena/.m2/repository/org/seleniumhq/selenium/selenium-chromium-driver/4.24.0/selenium-chromium-driver-4.24.0.jar:/Users/hasankachandrasena/.m2/repository/org/seleniumhq/selenium/selenium-json/4.24.0/selenium-json-4.24.0.jar:/Users/hasankachandrasena/.m2/repository/org/seleniumhq/selenium/selenium-manager/4.24.0/selenium-manager-4.24.0.jar:/Users/hasankachandrasena/.m2/repository/org/seleniumhq/selenium/selenium-devtools-v126/4.24.0/selenium-devtools-v126-4.24.0.jar:/Users/hasankachandrasena/.m2/repository/org/seleniumhq/selenium/selenium-devtools-v127/4.24.0/selenium-devtools-v127-4.24.0.jar:/Users/hasankachandrasena/.m2/repository/org/seleniumhq/selenium/selenium-devtools-v128/4.24.0/selenium-devtools-v128-4.24.0.jar:/Users/hasankachandrasena/.m2/repository/org/seleniumhq/selenium/selenium-devtools-v85/4.24.0/selenium-devtools-v85-4.24.0.jar:/Users/hasankachandrasena/.m2/repository/org/seleniumhq/selenium/selenium-edge-driver/4.24.0/selenium-edge-driver-4.24.0.jar:/Users/hasankachandrasena/.m2/repository/org/seleniumhq/selenium/selenium-firefox-driver/4.24.0/selenium-firefox-driver-4.24.0.jar:/Users/hasankachandrasena/.m2/repository/org/seleniumhq/selenium/selenium-http/4.24.0/selenium-http-4.24.0.jar:/Users/hasankachandrasena/.m2/repository/dev/failsafe/failsafe/3.3.2/failsafe-3.3.2.jar:/Users/hasankachandrasena/.m2/repository/org/seleniumhq/selenium/selenium-ie-driver/4.24.0/selenium-ie-driver-4.24.0.jar:/Users/hasankachandrasena/.m2/repository/org/seleniumhq/selenium/selenium-remote-driver/4.24.0/selenium-remote-driver-4.24.0.jar:/Users/hasankachandrasena/.m2/repository/com/google/guava/guava/33.3.0-jre/guava-33.3.0-jre.jar:/Users/hasankachandrasena/.m2/repository/com/google/guava/failureaccess/1.0.2/failureaccess-1.0.2.jar:/Users/hasankachandrasena/.m2/repository/com/google/guava/listenablefuture/9999.0-empty-to-avoid-conflict-with-guava/listenablefuture-9999.0-empty-to-avoid-conflict-with-guava.jar:/Users/hasankachandrasena/.m2/repository/com/google/code/findbugs/jsr305/3.0.2/jsr305-3.0.2.jar:/Users/hasankachandrasena/.m2/repository/org/checkerframework/checker-qual/3.43.0/checker-qual-3.43.0.jar:/Users/hasankachandrasena/.m2/repository/com/google/j2objc/j2objc-annotations/3.0.0/j2objc-annotations-3.0.0.jar:/Users/hasankachandrasena/.m2/repository/io/opentelemetry/semconv/opentelemetry-semconv/1.25.0-alpha/opentelemetry-semconv-1.25.0-alpha.jar:/Users/hasankachandrasena/.m2/repository/io/opentelemetry/opentelemetry-api/1.41.0/opentelemetry-api-1.41.0.jar:/Users/hasankachandrasena/.m2/repository/io/opentelemetry/opentelemetry-context/1.41.0/opentelemetry-context-1.41.0.jar:/Users/hasankachandrasena/.m2/repository/io/opentelemetry/opentelemetry-exporter-logging/1.41.0/opentelemetry-exporter-logging-1.41.0.jar:/Users/hasankachandrasena/.m2/repository/io/opentelemetry/opentelemetry-sdk-common/1.41.0/opentelemetry-sdk-common-1.41.0.jar:/Users/hasankachandrasena/.m2/repository/io/opentelemetry/opentelemetry-sdk-extension-autoconfigure-spi/1.41.0/opentelemetry-sdk-extension-autoconfigure-spi-1.41.0.jar:/Users/hasankachandrasena/.m2/repository/io/opentelemetry/opentelemetry-sdk-extension-autoconfigure/1.41.0/opentelemetry-sdk-extension-autoconfigure-1.41.0.jar:/Users/hasankachandrasena/.m2/repository/io/opentelemetry/opentelemetry-api-incubator/1.41.0-alpha/opentelemetry-api-incubator-1.41.0-alpha.jar:/Users/hasankachandrasena/.m2/repository/io/opentelemetry/opentelemetry-sdk-trace/1.41.0/opentelemetry-sdk-trace-1.41.0.jar:/Users/hasankachandrasena/.m2/repository/io/opentelemetry/opentelemetry-sdk/1.41.0/opentelemetry-sdk-1.41.0.jar:/Users/hasankachandrasena/.m2/repository/io/opentelemetry/opentelemetry-sdk-metrics/1.41.0/opentelemetry-sdk-metrics-1.41.0.jar:/Users/hasankachandrasena/.m2/repository/io/opentelemetry/opentelemetry-sdk-logs/1.41.0/opentelemetry-sdk-logs-1.41.0.jar:/Users/hasankachandrasena/.m2/repository/net/bytebuddy/byte-buddy/1.15.0/byte-buddy-1.15.0.jar:/Users/hasankachandrasena/.m2/repository/org/seleniumhq/selenium/selenium-os/4.24.0/selenium-os-4.24.0.jar:/Users/hasankachandrasena/.m2/repository/org/apache/commons/commons-exec/1.4.0/commons-exec-1.4.0.jar:/Users/hasankachandrasena/.m2/repository/org/seleniumhq/selenium/selenium-safari-driver/4.24.0/selenium-safari-driver-4.24.0.jar:/Users/hasankachandrasena/.m2/repository/org/seleniumhq/selenium/selenium-support/4.24.0/selenium-support-4.24.0.jar:/Users/hasankachandrasena/.m2/repository/io/github/bonigarcia/webdrivermanager/5.9.2/webdrivermanager-5.9.2.jar:/Users/hasankachandrasena/.m2/repository/org/slf4j/slf4j-api/2.0.13/slf4j-api-2.0.13.jar:/Users/hasankachandrasena/.m2/repository/com/google/code/gson/gson/2.11.0/gson-2.11.0.jar:/Users/hasankachandrasena/.m2/repository/com/google/errorprone/error_prone_annotations/2.27.0/error_prone_annotations-2.27.0.jar:/Users/hasankachandrasena/.m2/repository/com/github/docker-java/docker-java/3.4.0/docker-java-3.4.0.jar:/Users/hasankachandrasena/.m2/repository/com/github/docker-java/docker-java-core/3.4.0/docker-java-core-3.4.0.jar:/Users/hasankachandrasena/.m2/repository/com/github/docker-java/docker-java-api/3.4.0/docker-java-api-3.4.0.jar:/Users/hasankachandrasena/.m2/repository/com/fasterxml/jackson/core/jackson-annotations/2.10.3/jackson-annotations-2.10.3.jar:/Users/hasankachandrasena/.m2/repository/com/fasterxml/jackson/core/jackson-databind/2.10.3/jackson-databind-2.10.3.jar:/Users/hasankachandrasena/.m2/repository/com/fasterxml/jackson/core/jackson-core/2.10.3/jackson-core-2.10.3.jar:/Users/hasankachandrasena/.m2/repository/org/slf4j/jcl-over-slf4j/1.7.30/jcl-over-slf4j-1.7.30.jar:/Users/hasankachandrasena/.m2/repository/com/github/docker-java/docker-java-transport-httpclient5/3.4.0/docker-java-transport-httpclient5-3.4.0.jar:/Users/hasankachandrasena/.m2/repository/com/github/docker-java/docker-java-transport/3.4.0/docker-java-transport-3.4.0.jar:/Users/hasankachandrasena/.m2/repository/net/java/dev/jna/jna/5.13.0/jna-5.13.0.jar:/Users/hasankachandrasena/.m2/repository/org/brotli/dec/0.1.2/dec-0.1.2.jar:/Users/hasankachandrasena/.m2/repository/org/apache/commons/commons-lang3/3.15.0/commons-lang3-3.15.0.jar:/Users/hasankachandrasena/.m2/repository/org/apache/commons/commons-compress/1.26.2/commons-compress-1.26.2.jar:/Users/hasankachandrasena/.m2/repository/commons-codec/commons-codec/1.17.0/commons-codec-1.17.0.jar:/Users/hasankachandrasena/.m2/repository/commons-io/commons-io/2.16.1/commons-io-2.16.1.jar:/Users/hasankachandrasena/.m2/repository/org/apache/httpcomponents/client5/httpclient5/5.2.1/httpclient5-5.2.1.jar:/Users/hasankachandrasena/.m2/repository/org/apache/httpcomponents/core5/httpcore5/5.2/httpcore5-5.2.jar:/Users/hasankachandrasena/.m2/repository/org/apache/httpcomponents/core5/httpcore5-h2/5.2/httpcore5-h2-5.2.jar:/Users/hasankachandrasena/.m2/repository/org/testng/testng/7.10.2/testng-7.10.2.jar:/Users/hasankachandrasena/.m2/repository/com/beust/jcommander/1.82/jcommander-1.82.jar:/Users/hasankachandrasena/.m2/repository/org/webjars/jquery/3.7.1/jquery-3.7.1.jar:/Users/hasankachandrasena/.m2/repository/org/json/json/20240303/json-20240303.jar:/Users/hasankachandrasena/.m2/repository/com/aventstack/extentreports/5.1.2/extentreports-5.1.2.jar:/Users/hasankachandrasena/.m2/repository/io/reactivex/rxjava3/rxjava/3.1.6/rxjava-3.1.6.jar:/Users/hasankachandrasena/.m2/repository/org/reactivestreams/reactive-streams/1.0.4/reactive-streams-1.0.4.jar:/Users/hasankachandrasena/.m2/repository/org/freemarker/freemarker/2.3.32/freemarker-2.3.32.jar:/Users/hasankachandrasena/.m2/repository/org/projectlombok/lombok/1.18.26/lombok-1.18.26.jar:"/>
    <property name="java.vm.vendor" value="Homebrew"/>
    <property name="sun.arch.data.model" value="64"/>
    <property name="java.vendor.url" value="https://github.com/Homebrew/homebrew-core/issues"/>
    <property name="user.timezone" value="Asia/Singapore"/>
    <property name="suiteXmlFile" value="src/test/testng.xml"/>
    <property name="os.name" value="Mac OS X"/>
    <property name="java.vm.specification.version" value="22"/>
    <property name="sun.java.launcher" value="SUN_STANDARD"/>
    <property name="user.country" value="SG"/>
    <property name="sun.boot.library.path" value="/opt/homebrew/Cellar/openjdk/22.0.2/libexec/openjdk.jdk/Contents/Home/lib"/>
    <property name="sun.java.command" value="/Users/hasankachandrasena/Hasanka/Dev/BGP/target/surefire/surefirebooter-20240914030351700_3.jar /Users/hasankachandrasena/Hasanka/Dev/BGP/target/surefire 2024-09-14T03-03-51_647-jvmRun1 surefire-20240914030351700_1tmp surefire_0-20240914030351700_2tmp"/>
    <property name="http.nonProxyHosts" value="local|*.local|169.254/16|*.169.254/16"/>
    <property name="jdk.debug" value="release"/>
    <property name="surefire.test.class.path" value="/Users/hasankachandrasena/Hasanka/Dev/BGP/target/test-classes:/Users/hasankachandrasena/Hasanka/Dev/BGP/target/classes:/Users/hasankachandrasena/.m2/repository/org/seleniumhq/selenium/selenium-java/4.24.0/selenium-java-4.24.0.jar:/Users/hasankachandrasena/.m2/repository/org/seleniumhq/selenium/selenium-api/4.24.0/selenium-api-4.24.0.jar:/Users/hasankachandrasena/.m2/repository/org/jspecify/jspecify/1.0.0/jspecify-1.0.0.jar:/Users/hasankachandrasena/.m2/repository/org/seleniumhq/selenium/selenium-chrome-driver/4.24.0/selenium-chrome-driver-4.24.0.jar:/Users/hasankachandrasena/.m2/repository/com/google/auto/service/auto-service-annotations/1.1.1/auto-service-annotations-1.1.1.jar:/Users/hasankachandrasena/.m2/repository/org/seleniumhq/selenium/selenium-chromium-driver/4.24.0/selenium-chromium-driver-4.24.0.jar:/Users/hasankachandrasena/.m2/repository/org/seleniumhq/selenium/selenium-json/4.24.0/selenium-json-4.24.0.jar:/Users/hasankachandrasena/.m2/repository/org/seleniumhq/selenium/selenium-manager/4.24.0/selenium-manager-4.24.0.jar:/Users/hasankachandrasena/.m2/repository/org/seleniumhq/selenium/selenium-devtools-v126/4.24.0/selenium-devtools-v126-4.24.0.jar:/Users/hasankachandrasena/.m2/repository/org/seleniumhq/selenium/selenium-devtools-v127/4.24.0/selenium-devtools-v127-4.24.0.jar:/Users/hasankachandrasena/.m2/repository/org/seleniumhq/selenium/selenium-devtools-v128/4.24.0/selenium-devtools-v128-4.24.0.jar:/Users/hasankachandrasena/.m2/repository/org/seleniumhq/selenium/selenium-devtools-v85/4.24.0/selenium-devtools-v85-4.24.0.jar:/Users/hasankachandrasena/.m2/repository/org/seleniumhq/selenium/selenium-edge-driver/4.24.0/selenium-edge-driver-4.24.0.jar:/Users/hasankachandrasena/.m2/repository/org/seleniumhq/selenium/selenium-firefox-driver/4.24.0/selenium-firefox-driver-4.24.0.jar:/Users/hasankachandrasena/.m2/repository/org/seleniumhq/selenium/selenium-http/4.24.0/selenium-http-4.24.0.jar:/Users/hasankachandrasena/.m2/repository/dev/failsafe/failsafe/3.3.2/failsafe-3.3.2.jar:/Users/hasankachandrasena/.m2/repository/org/seleniumhq/selenium/selenium-ie-driver/4.24.0/selenium-ie-driver-4.24.0.jar:/Users/hasankachandrasena/.m2/repository/org/seleniumhq/selenium/selenium-remote-driver/4.24.0/selenium-remote-driver-4.24.0.jar:/Users/hasankachandrasena/.m2/repository/com/google/guava/guava/33.3.0-jre/guava-33.3.0-jre.jar:/Users/hasankachandrasena/.m2/repository/com/google/guava/failureaccess/1.0.2/failureaccess-1.0.2.jar:/Users/hasankachandrasena/.m2/repository/com/google/guava/listenablefuture/9999.0-empty-to-avoid-conflict-with-guava/listenablefuture-9999.0-empty-to-avoid-conflict-with-guava.jar:/Users/hasankachandrasena/.m2/repository/com/google/code/findbugs/jsr305/3.0.2/jsr305-3.0.2.jar:/Users/hasankachandrasena/.m2/repository/org/checkerframework/checker-qual/3.43.0/checker-qual-3.43.0.jar:/Users/hasankachandrasena/.m2/repository/com/google/j2objc/j2objc-annotations/3.0.0/j2objc-annotations-3.0.0.jar:/Users/hasankachandrasena/.m2/repository/io/opentelemetry/semconv/opentelemetry-semconv/1.25.0-alpha/opentelemetry-semconv-1.25.0-alpha.jar:/Users/hasankachandrasena/.m2/repository/io/opentelemetry/opentelemetry-api/1.41.0/opentelemetry-api-1.41.0.jar:/Users/hasankachandrasena/.m2/repository/io/opentelemetry/opentelemetry-context/1.41.0/opentelemetry-context-1.41.0.jar:/Users/hasankachandrasena/.m2/repository/io/opentelemetry/opentelemetry-exporter-logging/1.41.0/opentelemetry-exporter-logging-1.41.0.jar:/Users/hasankachandrasena/.m2/repository/io/opentelemetry/opentelemetry-sdk-common/1.41.0/opentelemetry-sdk-common-1.41.0.jar:/Users/hasankachandrasena/.m2/repository/io/opentelemetry/opentelemetry-sdk-extension-autoconfigure-spi/1.41.0/opentelemetry-sdk-extension-autoconfigure-spi-1.41.0.jar:/Users/hasankachandrasena/.m2/repository/io/opentelemetry/opentelemetry-sdk-extension-autoconfigure/1.41.0/opentelemetry-sdk-extension-autoconfigure-1.41.0.jar:/Users/hasankachandrasena/.m2/repository/io/opentelemetry/opentelemetry-api-incubator/1.41.0-alpha/opentelemetry-api-incubator-1.41.0-alpha.jar:/Users/hasankachandrasena/.m2/repository/io/opentelemetry/opentelemetry-sdk-trace/1.41.0/opentelemetry-sdk-trace-1.41.0.jar:/Users/hasankachandrasena/.m2/repository/io/opentelemetry/opentelemetry-sdk/1.41.0/opentelemetry-sdk-1.41.0.jar:/Users/hasankachandrasena/.m2/repository/io/opentelemetry/opentelemetry-sdk-metrics/1.41.0/opentelemetry-sdk-metrics-1.41.0.jar:/Users/hasankachandrasena/.m2/repository/io/opentelemetry/opentelemetry-sdk-logs/1.41.0/opentelemetry-sdk-logs-1.41.0.jar:/Users/hasankachandrasena/.m2/repository/net/bytebuddy/byte-buddy/1.15.0/byte-buddy-1.15.0.jar:/Users/hasankachandrasena/.m2/repository/org/seleniumhq/selenium/selenium-os/4.24.0/selenium-os-4.24.0.jar:/Users/hasankachandrasena/.m2/repository/org/apache/commons/commons-exec/1.4.0/commons-exec-1.4.0.jar:/Users/hasankachandrasena/.m2/repository/org/seleniumhq/selenium/selenium-safari-driver/4.24.0/selenium-safari-driver-4.24.0.jar:/Users/hasankachandrasena/.m2/repository/org/seleniumhq/selenium/selenium-support/4.24.0/selenium-support-4.24.0.jar:/Users/hasankachandrasena/.m2/repository/io/github/bonigarcia/webdrivermanager/5.9.2/webdrivermanager-5.9.2.jar:/Users/hasankachandrasena/.m2/repository/org/slf4j/slf4j-api/2.0.13/slf4j-api-2.0.13.jar:/Users/hasankachandrasena/.m2/repository/com/google/code/gson/gson/2.11.0/gson-2.11.0.jar:/Users/hasankachandrasena/.m2/repository/com/google/errorprone/error_prone_annotations/2.27.0/error_prone_annotations-2.27.0.jar:/Users/hasankachandrasena/.m2/repository/com/github/docker-java/docker-java/3.4.0/docker-java-3.4.0.jar:/Users/hasankachandrasena/.m2/repository/com/github/docker-java/docker-java-core/3.4.0/docker-java-core-3.4.0.jar:/Users/hasankachandrasena/.m2/repository/com/github/docker-java/docker-java-api/3.4.0/docker-java-api-3.4.0.jar:/Users/hasankachandrasena/.m2/repository/com/fasterxml/jackson/core/jackson-annotations/2.10.3/jackson-annotations-2.10.3.jar:/Users/hasankachandrasena/.m2/repository/com/fasterxml/jackson/core/jackson-databind/2.10.3/jackson-databind-2.10.3.jar:/Users/hasankachandrasena/.m2/repository/com/fasterxml/jackson/core/jackson-core/2.10.3/jackson-core-2.10.3.jar:/Users/hasankachandrasena/.m2/repository/org/slf4j/jcl-over-slf4j/1.7.30/jcl-over-slf4j-1.7.30.jar:/Users/hasankachandrasena/.m2/repository/com/github/docker-java/docker-java-transport-httpclient5/3.4.0/docker-java-transport-httpclient5-3.4.0.jar:/Users/hasankachandrasena/.m2/repository/com/github/docker-java/docker-java-transport/3.4.0/docker-java-transport-3.4.0.jar:/Users/hasankachandrasena/.m2/repository/net/java/dev/jna/jna/5.13.0/jna-5.13.0.jar:/Users/hasankachandrasena/.m2/repository/org/brotli/dec/0.1.2/dec-0.1.2.jar:/Users/hasankachandrasena/.m2/repository/org/apache/commons/commons-lang3/3.15.0/commons-lang3-3.15.0.jar:/Users/hasankachandrasena/.m2/repository/org/apache/commons/commons-compress/1.26.2/commons-compress-1.26.2.jar:/Users/hasankachandrasena/.m2/repository/commons-codec/commons-codec/1.17.0/commons-codec-1.17.0.jar:/Users/hasankachandrasena/.m2/repository/commons-io/commons-io/2.16.1/commons-io-2.16.1.jar:/Users/hasankachandrasena/.m2/repository/org/apache/httpcomponents/client5/httpclient5/5.2.1/httpclient5-5.2.1.jar:/Users/hasankachandrasena/.m2/repository/org/apache/httpcomponents/core5/httpcore5/5.2/httpcore5-5.2.jar:/Users/hasankachandrasena/.m2/repository/org/apache/httpcomponents/core5/httpcore5-h2/5.2/httpcore5-h2-5.2.jar:/Users/hasankachandrasena/.m2/repository/org/testng/testng/7.10.2/testng-7.10.2.jar:/Users/hasankachandrasena/.m2/repository/com/beust/jcommander/1.82/jcommander-1.82.jar:/Users/hasankachandrasena/.m2/repository/org/webjars/jquery/3.7.1/jquery-3.7.1.jar:/Users/hasankachandrasena/.m2/repository/org/json/json/20240303/json-20240303.jar:/Users/hasankachandrasena/.m2/repository/com/aventstack/extentreports/5.1.2/extentreports-5.1.2.jar:/Users/hasankachandrasena/.m2/repository/io/reactivex/rxjava3/rxjava/3.1.6/rxjava-3.1.6.jar:/Users/hasankachandrasena/.m2/repository/org/reactivestreams/reactive-streams/1.0.4/reactive-streams-1.0.4.jar:/Users/hasankachandrasena/.m2/repository/org/freemarker/freemarker/2.3.32/freemarker-2.3.32.jar:/Users/hasankachandrasena/.m2/repository/org/projectlombok/lombok/1.18.26/lombok-1.18.26.jar:"/>
    <property name="sun.cpu.endian" value="little"/>
    <property name="user.home" value="/Users/hasankachandrasena"/>
    <property name="user.language" value="en"/>
    <property name="java.specification.vendor" value="Oracle Corporation"/>
    <property name="java.version.date" value="2024-07-16"/>
    <property name="java.home" value="/opt/homebrew/Cellar/openjdk/22.0.2/libexec/openjdk.jdk/Contents/Home"/>
    <property name="file.separator" value="/"/>
    <property name="basedir" value="/Users/hasankachandrasena/Hasanka/Dev/BGP"/>
    <property name="java.vm.compressedOopsMode" value="Zero based"/>
    <property name="line.separator" value="&#10;"/>
    <property name="java.vm.specification.vendor" value="Oracle Corporation"/>
    <property name="java.specification.name" value="Java Platform API Specification"/>
    <property name="apple.awt.application.name" value="ForkedBooter"/>
    <property name="surefire.real.class.path" value="/Users/hasankachandrasena/Hasanka/Dev/BGP/target/surefire/surefirebooter-20240914030351700_3.jar"/>
    <property name="sun.management.compiler" value="HotSpot 64-Bit Tiered Compilers"/>
    <property name="ftp.nonProxyHosts" value="local|*.local|169.254/16|*.169.254/16"/>
    <property name="java.runtime.version" value="22.0.2"/>
    <property name="user.name" value="hasankachandrasena"/>
    <property name="stdout.encoding" value="US-ASCII"/>
    <property name="path.separator" value=":"/>
    <property name="os.version" value="14.6.1"/>
    <property name="java.runtime.name" value="OpenJDK Runtime Environment"/>
    <property name="file.encoding" value="UTF-8"/>
    <property name="java.vm.name" value="OpenJDK 64-Bit Server VM"/>
    <property name="java.vendor.version" value="Homebrew"/>
    <property name="localRepository" value="/Users/hasankachandrasena/.m2/repository"/>
    <property name="java.vendor.url.bug" value="https://github.com/Homebrew/homebrew-core/issues"/>
    <property name="java.io.tmpdir" value="/var/folders/ch/7th3ltp92f50qhth2k0pph900000gn/T/"/>
    <property name="java.version" value="22.0.2"/>
    <property name="user.dir" value="/Users/hasankachandrasena/Hasanka/Dev/BGP"/>
    <property name="os.arch" value="aarch64"/>
    <property name="java.vm.specification.name" value="Java Virtual Machine Specification"/>
    <property name="native.encoding" value="US-ASCII"/>
    <property name="java.library.path" value="/Users/hasankachandrasena/Library/Java/Extensions:/Library/Java/Extensions:/Network/Library/Java/Extensions:/System/Library/Java/Extensions:/usr/lib/java:."/>
    <property name="java.vm.info" value="mixed mode, sharing"/>
    <property name="stderr.encoding" value="US-ASCII"/>
    <property name="java.vendor" value="Homebrew"/>
    <property name="java.vm.version" value="22.0.2"/>
    <property name="sun.io.unicode.encoding" value="UnicodeBig"/>
    <property name="socksNonProxyHosts" value="local|*.local|169.254/16|*.169.254/16"/>
    <property name="java.class.version" value="66.0"/>
  </properties>
  <testcase name="testLogin" classname="tests.LoginTest" time="2.461">
    <system-err><![CDATA[SLF4J(W): No SLF4J providers were found.
SLF4J(W): Defaulting to no-operation (NOP) logger implementation
SLF4J(W): See https://www.slf4j.org/codes.html#noProviders for further details.
]]></system-err>
  </testcase>
  <testcase name="testGrantApplicationProcess" classname="tests.GrantApplicationTest" time="54.069"/>
  <testcase name="testAllEligibilityQuestionsPresent" classname="tests.EligibilityTest" time="0.047"/>
  <testcase name="testYesNoOptionsForEligibilityQuestions" classname="tests.EligibilityTest" time="2.587"/>
  <testcase name="testWarningMessageDisplayedOnNoSelection" classname="tests.EligibilityTest" time="1.175"/>
  <testcase name="testFaqLinkOpensNewTab" classname="tests.EligibilityTest" time="2.797"/>
  <testcase name="testSaveAndReloadEligibilityForm" classname="tests.EligibilityTest" time="1.965"/>
  <testcase name="testFillMainContactDetails" classname="tests.ContactDetailsTest" time="0.874"/>
  <testcase name="testUseSameAsRegisteredAddress" classname="tests.ContactDetailsTest" time="1.226"/>
  <testcase name="testFillLetterOfOffer" classname="tests.ContactDetailsTest" time="0.115"/>
  <testcase name="testUseSameAsMainContactPerson" classname="tests.ContactDetailsTest" time="2.341"/>
  <testcase name="testFillMandatoryFieldsAndSave" classname="tests.ProjectDetailsTest" time="2.039"/>
  <testcase name="testFillMandatoryFieldsAndSave" classname="tests.BusinessImpactTest" time="2.15"/>
  <testcase name="testFillMandatoryFieldsAndSave" classname="tests.CostDetailTest" time="2.719"/>
  <testcase name="testYesNoOptionsForDeclarationQuestions" classname="tests.DeclarationTest" time="3.075"/>
  <testcase name="testSubmitApplication" classname="tests.DeclarationTest" time="2.366"/>
  <testcase name="testApplicationSubmissionSuccess" classname="tests.ViewTest" time="0.552"/>
</testsuite>