<?xml version="1.0" encoding="UTF-8"?>
<!-- Generated by org.testng.reporters.JUnitReportReporter -->
<testsuite hostname="Hasankas-MacBook-Air.local" failures="0" tests="4" name="tests.ContactDetailsTest" time="4.556" errors="0" timestamp="2024-09-14T03:05:17 SGT" skipped="0">
  <testcase classname="tests.ContactDetailsTest" name="testFillMainContactDetails" time="0.874"/>
  <testcase classname="tests.ContactDetailsTest" name="testUseSameAsRegisteredAddress" time="1.226"/>
  <testcase classname="tests.ContactDetailsTest" name="testFillLetterOfOffer" time="0.116"/>
  <testcase classname="tests.ContactDetailsTest" name="testUseSameAsMainContactPerson" time="2.340"/>
</testsuite> <!-- tests.ContactDetailsTest -->
