<?xml version="1.0" encoding="UTF-8"?>
<!-- Generated by org.testng.reporters.JUnitReportReporter -->
<testsuite hostname="Hasankas-MacBook-Air.local" failures="0" tests="7" name="tests.EligibilityTest" time="8.574" errors="0" timestamp="2024-09-14T03:05:17 SGT" skipped="2">
  <testcase classname="tests.EligibilityTest" name="testAllEligibilityQuestionsPresent" time="0.047"/>
  <testcase classname="tests.EligibilityTest" name="testYesNoOptionsForEligibilityQuestions" time="2.588"/>
  <testcase classname="tests.EligibilityTest" name="testWarningMessageDisplayedOnNoSelection" time="1.175"/>
  <testcase classname="tests.EligibilityTest" name="testFaqLinkOpensNewTab" time="2.798"/>
  <testcase classname="tests.EligibilityTest" name="testSaveAndReloadEligibilityForm" time="1.966"/>
  <testcase classname="tests.EligibilityTest" name="testErrorWhenNoOptionsSelected">
    <skipped/>
  </testcase> <!-- testErrorWhenNoOptionsSelected -->
  <testcase classname="tests.EligibilityTest" name="testNoWarningMessageOnAllYes">
    <skipped/>
  </testcase> <!-- testNoWarningMessageOnAllYes -->
</testsuite> <!-- tests.EligibilityTest -->
