<?xml version="1.0" encoding="UTF-8"?>
<!-- Generated by org.testng.reporters.JUnitReportReporter -->
<testsuite hostname="Hasankas-MacBook-Air.local" failures="0" tests="1" name="tests.ProjectDetailsTest" time="2.040" errors="0" timestamp="2024-09-14T03:05:17 SGT" skipped="0">
  <testcase classname="tests.ProjectDetailsTest" name="testFillMandatoryFieldsAndSave" time="2.040"/>
</testsuite> <!-- tests.ProjectDetailsTest -->
